[0.117s] DEBUG:colcon:Command line arguments: ['/usr/bin/colcon', 'build']
[0.118s] DEBUG:colcon:Parsed command line arguments: Namespace(log_base=None, log_level=None, verb_name='build', build_base='build', install_base='install', merge_install=False, symlink_install=False, test_result_base=None, continue_on_error=False, executor='parallel', parallel_workers=16, event_handlers=None, ignore_user_meta=False, metas=['./colcon.meta'], base_paths=['.'], packages_ignore=None, packages_ignore_regex=None, paths=None, packages_up_to=None, packages_up_to_regex=None, packages_above=None, packages_above_and_dependencies=None, packages_above_depth=None, packages_select_by_dep=None, packages_skip_by_dep=None, packages_skip_up_to=None, packages_select_build_failed=False, packages_skip_build_finished=False, packages_select_test_failures=False, packages_skip_test_passed=False, packages_select=None, packages_skip=None, packages_select_regex=None, packages_skip_regex=None, packages_start=None, packages_end=None, allow_overriding=[], cmake_args=None, cmake_target=None, cmake_target_skip_unavailable=False, cmake_clean_cache=False, cmake_clean_first=False, cmake_force_configure=False, ament_cmake_args=None, catkin_cmake_args=None, catkin_skip_building_tests=False, mixin_files=None, mixin=None, verb_parser=<colcon_mixin.mixin.mixin_argument.MixinArgumentDecorator object at 0x7b09a52a6710>, verb_extension=<colcon_core.verb.build.BuildVerb object at 0x7b09a52a6140>, main=<bound method BuildVerb.main of <colcon_core.verb.build.BuildVerb object at 0x7b09a52a6140>>, mixin_verb=('build',))
[0.159s] Level 1:colcon.colcon_core.package_discovery:discover_packages(colcon_meta) check parameters
[0.159s] Level 1:colcon.colcon_core.package_discovery:discover_packages(recursive) check parameters
[0.159s] Level 1:colcon.colcon_core.package_discovery:discover_packages(ignore) check parameters
[0.160s] Level 1:colcon.colcon_core.package_discovery:discover_packages(path) check parameters
[0.160s] Level 1:colcon.colcon_core.package_discovery:discover_packages(colcon_meta) discover
[0.160s] Level 1:colcon.colcon_core.package_discovery:discover_packages(recursive) discover
[0.160s] INFO:colcon.colcon_core.package_discovery:Crawling recursively for packages in '/media/exhausted/DATA DRIVE/stuff/mrm/ERC-2025/gitstuff/ERC-2024_AIA_2026/ros_ws'
[0.160s] Level 1:colcon.colcon_core.package_identification:_identify(.) by extensions ['ignore', 'ignore_ament_install']
[0.160s] Level 1:colcon.colcon_core.package_identification:_identify(.) by extension 'ignore'
[0.160s] Level 1:colcon.colcon_core.package_identification:_identify(.) by extension 'ignore_ament_install'
[0.160s] Level 1:colcon.colcon_core.package_identification:_identify(.) by extensions ['colcon_pkg']
[0.160s] Level 1:colcon.colcon_core.package_identification:_identify(.) by extension 'colcon_pkg'
[0.160s] Level 1:colcon.colcon_core.package_identification:_identify(.) by extensions ['colcon_meta']
[0.160s] Level 1:colcon.colcon_core.package_identification:_identify(.) by extension 'colcon_meta'
[0.160s] Level 1:colcon.colcon_core.package_identification:_identify(.) by extensions ['ros']
[0.160s] Level 1:colcon.colcon_core.package_identification:_identify(.) by extension 'ros'
[0.187s] Level 1:colcon.colcon_core.package_identification:_identify(.) by extensions ['cmake', 'python']
[0.187s] Level 1:colcon.colcon_core.package_identification:_identify(.) by extension 'cmake'
[0.188s] Level 1:colcon.colcon_core.package_identification:_identify(.) by extension 'python'
[0.188s] Level 1:colcon.colcon_core.package_identification:_identify(.) by extensions ['python_setup_py']
[0.188s] Level 1:colcon.colcon_core.package_identification:_identify(.) by extension 'python_setup_py'
[0.188s] Level 1:colcon.colcon_core.package_identification:_identify(build) by extensions ['ignore', 'ignore_ament_install']
[0.188s] Level 1:colcon.colcon_core.package_identification:_identify(build) by extension 'ignore'
[0.188s] Level 1:colcon.colcon_core.package_identification:_identify(build) ignored
[0.189s] Level 1:colcon.colcon_core.package_identification:_identify(install) by extensions ['ignore', 'ignore_ament_install']
[0.190s] Level 1:colcon.colcon_core.package_identification:_identify(install) by extension 'ignore'
[0.190s] Level 1:colcon.colcon_core.package_identification:_identify(install) ignored
[0.190s] Level 1:colcon.colcon_core.package_identification:_identify(log) by extensions ['ignore', 'ignore_ament_install']
[0.190s] Level 1:colcon.colcon_core.package_identification:_identify(log) by extension 'ignore'
[0.190s] Level 1:colcon.colcon_core.package_identification:_identify(log) ignored
[0.190s] Level 1:colcon.colcon_core.package_identification:_identify(src) by extensions ['ignore', 'ignore_ament_install']
[0.190s] Level 1:colcon.colcon_core.package_identification:_identify(src) by extension 'ignore'
[0.191s] Level 1:colcon.colcon_core.package_identification:_identify(src) by extension 'ignore_ament_install'
[0.191s] Level 1:colcon.colcon_core.package_identification:_identify(src) by extensions ['colcon_pkg']
[0.191s] Level 1:colcon.colcon_core.package_identification:_identify(src) by extension 'colcon_pkg'
[0.191s] Level 1:colcon.colcon_core.package_identification:_identify(src) by extensions ['colcon_meta']
[0.191s] Level 1:colcon.colcon_core.package_identification:_identify(src) by extension 'colcon_meta'
[0.191s] Level 1:colcon.colcon_core.package_identification:_identify(src) by extensions ['ros']
[0.191s] Level 1:colcon.colcon_core.package_identification:_identify(src) by extension 'ros'
[0.191s] Level 1:colcon.colcon_core.package_identification:_identify(src) by extensions ['cmake', 'python']
[0.191s] Level 1:colcon.colcon_core.package_identification:_identify(src) by extension 'cmake'
[0.191s] Level 1:colcon.colcon_core.package_identification:_identify(src) by extension 'python'
[0.191s] Level 1:colcon.colcon_core.package_identification:_identify(src) by extensions ['python_setup_py']
[0.191s] Level 1:colcon.colcon_core.package_identification:_identify(src) by extension 'python_setup_py'
[0.192s] Level 1:colcon.colcon_core.package_identification:_identify(src/erc_map) by extensions ['ignore', 'ignore_ament_install']
[0.192s] Level 1:colcon.colcon_core.package_identification:_identify(src/erc_map) by extension 'ignore'
[0.192s] Level 1:colcon.colcon_core.package_identification:_identify(src/erc_map) by extension 'ignore_ament_install'
[0.192s] Level 1:colcon.colcon_core.package_identification:_identify(src/erc_map) by extensions ['colcon_pkg']
[0.192s] Level 1:colcon.colcon_core.package_identification:_identify(src/erc_map) by extension 'colcon_pkg'
[0.192s] Level 1:colcon.colcon_core.package_identification:_identify(src/erc_map) by extensions ['colcon_meta']
[0.192s] Level 1:colcon.colcon_core.package_identification:_identify(src/erc_map) by extension 'colcon_meta'
[0.192s] Level 1:colcon.colcon_core.package_identification:_identify(src/erc_map) by extensions ['ros']
[0.192s] Level 1:colcon.colcon_core.package_identification:_identify(src/erc_map) by extension 'ros'
[0.195s] DEBUG:colcon.colcon_core.package_identification:Package 'src/erc_map' with type 'ros.ament_cmake' and name 'erc_map'
[0.195s] Level 1:colcon.colcon_core.package_discovery:discover_packages(recursive) using defaults
[0.195s] Level 1:colcon.colcon_core.package_discovery:discover_packages(ignore) discover
[0.195s] Level 1:colcon.colcon_core.package_discovery:discover_packages(ignore) using defaults
[0.195s] Level 1:colcon.colcon_core.package_discovery:discover_packages(path) discover
[0.195s] Level 1:colcon.colcon_core.package_discovery:discover_packages(path) using defaults
[0.215s] Level 1:colcon.colcon_core.package_discovery:discover_packages(prefix_path) check parameters
[0.216s] Level 1:colcon.colcon_core.package_discovery:discover_packages(prefix_path) discover
[0.221s] DEBUG:colcon.colcon_installed_package_information.package_discovery:Found 1 installed packages in /media/exhausted/DATA DRIVE/stuff/mrm/ERC-2025/gitstuff/ERC-2024_AIA_2026/ros_ws/install
[0.221s] DEBUG:colcon.colcon_installed_package_information.package_discovery:Found 8 installed packages in /home/exhausted/Saisarath/stuff/MRM/URDF_WS/install
[0.223s] DEBUG:colcon.colcon_installed_package_information.package_discovery:Found 55 installed packages in /home/exhausted/Saisarath/stuff/MRM/ws_moveit/install
[0.225s] DEBUG:colcon.colcon_installed_package_information.package_discovery:Found 368 installed packages in /opt/ros/humble
[0.226s] Level 1:colcon.colcon_core.package_discovery:discover_packages(prefix_path) using defaults
[0.268s] Level 5:colcon.colcon_core.verb:set package 'erc_map' build argument 'cmake_args' from command line to 'None'
[0.268s] Level 5:colcon.colcon_core.verb:set package 'erc_map' build argument 'cmake_target' from command line to 'None'
[0.268s] Level 5:colcon.colcon_core.verb:set package 'erc_map' build argument 'cmake_target_skip_unavailable' from command line to 'False'
[0.268s] Level 5:colcon.colcon_core.verb:set package 'erc_map' build argument 'cmake_clean_cache' from command line to 'False'
[0.268s] Level 5:colcon.colcon_core.verb:set package 'erc_map' build argument 'cmake_clean_first' from command line to 'False'
[0.268s] Level 5:colcon.colcon_core.verb:set package 'erc_map' build argument 'cmake_force_configure' from command line to 'False'
[0.268s] Level 5:colcon.colcon_core.verb:set package 'erc_map' build argument 'ament_cmake_args' from command line to 'None'
[0.268s] Level 5:colcon.colcon_core.verb:set package 'erc_map' build argument 'catkin_cmake_args' from command line to 'None'
[0.268s] Level 5:colcon.colcon_core.verb:set package 'erc_map' build argument 'catkin_skip_building_tests' from command line to 'False'
[0.268s] DEBUG:colcon.colcon_core.verb:Building package 'erc_map' with the following arguments: {'ament_cmake_args': None, 'build_base': '/media/exhausted/DATA DRIVE/stuff/mrm/ERC-2025/gitstuff/ERC-2024_AIA_2026/ros_ws/build/erc_map', 'catkin_cmake_args': None, 'catkin_skip_building_tests': False, 'cmake_args': None, 'cmake_clean_cache': False, 'cmake_clean_first': False, 'cmake_force_configure': False, 'cmake_target': None, 'cmake_target_skip_unavailable': False, 'install_base': '/media/exhausted/DATA DRIVE/stuff/mrm/ERC-2025/gitstuff/ERC-2024_AIA_2026/ros_ws/install/erc_map', 'merge_install': False, 'path': '/media/exhausted/DATA DRIVE/stuff/mrm/ERC-2025/gitstuff/ERC-2024_AIA_2026/ros_ws/src/erc_map', 'symlink_install': False, 'test_result_base': None}
[0.268s] INFO:colcon.colcon_core.executor:Executing jobs using 'parallel' executor
[0.269s] DEBUG:colcon.colcon_parallel_executor.executor.parallel:run_until_complete
[0.269s] INFO:colcon.colcon_ros.task.ament_cmake.build:Building ROS package in '/media/exhausted/DATA DRIVE/stuff/mrm/ERC-2025/gitstuff/ERC-2024_AIA_2026/ros_ws/src/erc_map' with build type 'ament_cmake'
[0.270s] INFO:colcon.colcon_cmake.task.cmake.build:Building CMake package in '/media/exhausted/DATA DRIVE/stuff/mrm/ERC-2025/gitstuff/ERC-2024_AIA_2026/ros_ws/src/erc_map'
[0.271s] INFO:colcon.colcon_core.plugin_system:Skipping extension 'colcon_core.shell.bat': Not used on non-Windows systems
[0.271s] INFO:colcon.colcon_core.shell:Skip shell extension 'powershell' for command environment: Not usable outside of PowerShell
[0.271s] DEBUG:colcon.colcon_core.shell:Skip shell extension 'dsv' for command environment
[0.288s] DEBUG:colcon.colcon_core.event_handler.log_command:Invoking command in '/media/exhausted/DATA DRIVE/stuff/mrm/ERC-2025/gitstuff/ERC-2024_AIA_2026/ros_ws/build/erc_map': CMAKE_PREFIX_PATH=${CMAKE_PREFIX_PATH}:/home/exhausted/Saisarath/stuff/MRM/URDF_WS/install/open_cv_stuff:/home/exhausted/Saisarath/stuff/MRM/ws_moveit/install/moveit_configs_utils:/home/exhausted/Saisarath/stuff/MRM/ws_moveit/install/launch_param_builder:/opt/ros/humble /usr/bin/cmake --build /media/exhausted/DATA DRIVE/stuff/mrm/ERC-2025/gitstuff/ERC-2024_AIA_2026/ros_ws/build/erc_map -- -j16 -l16
[1.276s] DEBUG:colcon.colcon_core.event_handler.log_command:Invoked command in '/media/exhausted/DATA DRIVE/stuff/mrm/ERC-2025/gitstuff/ERC-2024_AIA_2026/ros_ws/build/erc_map' returned '0': CMAKE_PREFIX_PATH=${CMAKE_PREFIX_PATH}:/home/exhausted/Saisarath/stuff/MRM/URDF_WS/install/open_cv_stuff:/home/exhausted/Saisarath/stuff/MRM/ws_moveit/install/moveit_configs_utils:/home/exhausted/Saisarath/stuff/MRM/ws_moveit/install/launch_param_builder:/opt/ros/humble /usr/bin/cmake --build /media/exhausted/DATA DRIVE/stuff/mrm/ERC-2025/gitstuff/ERC-2024_AIA_2026/ros_ws/build/erc_map -- -j16 -l16
[1.289s] DEBUG:colcon.colcon_core.event_handler.log_command:Invoking command in '/media/exhausted/DATA DRIVE/stuff/mrm/ERC-2025/gitstuff/ERC-2024_AIA_2026/ros_ws/build/erc_map': CMAKE_PREFIX_PATH=${CMAKE_PREFIX_PATH}:/home/exhausted/Saisarath/stuff/MRM/URDF_WS/install/open_cv_stuff:/home/exhausted/Saisarath/stuff/MRM/ws_moveit/install/moveit_configs_utils:/home/exhausted/Saisarath/stuff/MRM/ws_moveit/install/launch_param_builder:/opt/ros/humble /usr/bin/cmake --install /media/exhausted/DATA DRIVE/stuff/mrm/ERC-2025/gitstuff/ERC-2024_AIA_2026/ros_ws/build/erc_map
[1.331s] Level 1:colcon.colcon_core.environment:create_environment_scripts_only(erc_map)
[1.332s] DEBUG:colcon.colcon_core.event_handler.log_command:Invoked command in '/media/exhausted/DATA DRIVE/stuff/mrm/ERC-2025/gitstuff/ERC-2024_AIA_2026/ros_ws/build/erc_map' returned '0': CMAKE_PREFIX_PATH=${CMAKE_PREFIX_PATH}:/home/exhausted/Saisarath/stuff/MRM/URDF_WS/install/open_cv_stuff:/home/exhausted/Saisarath/stuff/MRM/ws_moveit/install/moveit_configs_utils:/home/exhausted/Saisarath/stuff/MRM/ws_moveit/install/launch_param_builder:/opt/ros/humble /usr/bin/cmake --install /media/exhausted/DATA DRIVE/stuff/mrm/ERC-2025/gitstuff/ERC-2024_AIA_2026/ros_ws/build/erc_map
[1.334s] Level 1:colcon.colcon_core.environment:checking '/media/exhausted/DATA DRIVE/stuff/mrm/ERC-2025/gitstuff/ERC-2024_AIA_2026/ros_ws/install/erc_map' for CMake module files
[1.337s] Level 1:colcon.colcon_core.environment:checking '/media/exhausted/DATA DRIVE/stuff/mrm/ERC-2025/gitstuff/ERC-2024_AIA_2026/ros_ws/install/erc_map' for CMake config files
[1.339s] Level 1:colcon.colcon_core.shell:create_environment_hook('erc_map', 'cmake_prefix_path')
[1.339s] INFO:colcon.colcon_core.shell:Creating environment hook '/media/exhausted/DATA DRIVE/stuff/mrm/ERC-2025/gitstuff/ERC-2024_AIA_2026/ros_ws/install/erc_map/share/erc_map/hook/cmake_prefix_path.ps1'
[1.340s] INFO:colcon.colcon_core.shell:Creating environment descriptor '/media/exhausted/DATA DRIVE/stuff/mrm/ERC-2025/gitstuff/ERC-2024_AIA_2026/ros_ws/install/erc_map/share/erc_map/hook/cmake_prefix_path.dsv'
[1.341s] INFO:colcon.colcon_core.shell:Creating environment hook '/media/exhausted/DATA DRIVE/stuff/mrm/ERC-2025/gitstuff/ERC-2024_AIA_2026/ros_ws/install/erc_map/share/erc_map/hook/cmake_prefix_path.sh'
[1.342s] Level 1:colcon.colcon_core.environment:checking '/media/exhausted/DATA DRIVE/stuff/mrm/ERC-2025/gitstuff/ERC-2024_AIA_2026/ros_ws/install/erc_map/bin'
[1.342s] Level 1:colcon.colcon_core.environment:checking '/media/exhausted/DATA DRIVE/stuff/mrm/ERC-2025/gitstuff/ERC-2024_AIA_2026/ros_ws/install/erc_map/lib/pkgconfig/erc_map.pc'
[1.342s] Level 1:colcon.colcon_core.environment:checking '/media/exhausted/DATA DRIVE/stuff/mrm/ERC-2025/gitstuff/ERC-2024_AIA_2026/ros_ws/install/erc_map/lib/python3.10/site-packages'
[1.343s] Level 1:colcon.colcon_core.environment:checking '/media/exhausted/DATA DRIVE/stuff/mrm/ERC-2025/gitstuff/ERC-2024_AIA_2026/ros_ws/install/erc_map/bin'
[1.343s] INFO:colcon.colcon_core.shell:Creating package script '/media/exhausted/DATA DRIVE/stuff/mrm/ERC-2025/gitstuff/ERC-2024_AIA_2026/ros_ws/install/erc_map/share/erc_map/package.ps1'
[1.344s] INFO:colcon.colcon_core.shell:Creating package descriptor '/media/exhausted/DATA DRIVE/stuff/mrm/ERC-2025/gitstuff/ERC-2024_AIA_2026/ros_ws/install/erc_map/share/erc_map/package.dsv'
[1.345s] INFO:colcon.colcon_core.shell:Creating package script '/media/exhausted/DATA DRIVE/stuff/mrm/ERC-2025/gitstuff/ERC-2024_AIA_2026/ros_ws/install/erc_map/share/erc_map/package.sh'
[1.346s] INFO:colcon.colcon_core.shell:Creating package script '/media/exhausted/DATA DRIVE/stuff/mrm/ERC-2025/gitstuff/ERC-2024_AIA_2026/ros_ws/install/erc_map/share/erc_map/package.bash'
[1.347s] INFO:colcon.colcon_core.shell:Creating package script '/media/exhausted/DATA DRIVE/stuff/mrm/ERC-2025/gitstuff/ERC-2024_AIA_2026/ros_ws/install/erc_map/share/erc_map/package.zsh'
[1.347s] Level 1:colcon.colcon_core.environment:create_file_with_runtime_dependencies(/media/exhausted/DATA DRIVE/stuff/mrm/ERC-2025/gitstuff/ERC-2024_AIA_2026/ros_ws/install/erc_map/share/colcon-core/packages/erc_map)
[1.349s] Level 1:colcon.colcon_core.environment:create_environment_scripts_only(erc_map)
[1.349s] Level 1:colcon.colcon_core.environment:checking '/media/exhausted/DATA DRIVE/stuff/mrm/ERC-2025/gitstuff/ERC-2024_AIA_2026/ros_ws/install/erc_map' for CMake module files
[1.352s] Level 1:colcon.colcon_core.environment:checking '/media/exhausted/DATA DRIVE/stuff/mrm/ERC-2025/gitstuff/ERC-2024_AIA_2026/ros_ws/install/erc_map' for CMake config files
[1.354s] Level 1:colcon.colcon_core.shell:create_environment_hook('erc_map', 'cmake_prefix_path')
[1.354s] INFO:colcon.colcon_core.shell:Creating environment hook '/media/exhausted/DATA DRIVE/stuff/mrm/ERC-2025/gitstuff/ERC-2024_AIA_2026/ros_ws/install/erc_map/share/erc_map/hook/cmake_prefix_path.ps1'
[1.355s] INFO:colcon.colcon_core.shell:Creating environment descriptor '/media/exhausted/DATA DRIVE/stuff/mrm/ERC-2025/gitstuff/ERC-2024_AIA_2026/ros_ws/install/erc_map/share/erc_map/hook/cmake_prefix_path.dsv'
[1.355s] INFO:colcon.colcon_core.shell:Creating environment hook '/media/exhausted/DATA DRIVE/stuff/mrm/ERC-2025/gitstuff/ERC-2024_AIA_2026/ros_ws/install/erc_map/share/erc_map/hook/cmake_prefix_path.sh'
[1.356s] Level 1:colcon.colcon_core.environment:checking '/media/exhausted/DATA DRIVE/stuff/mrm/ERC-2025/gitstuff/ERC-2024_AIA_2026/ros_ws/install/erc_map/bin'
[1.356s] Level 1:colcon.colcon_core.environment:checking '/media/exhausted/DATA DRIVE/stuff/mrm/ERC-2025/gitstuff/ERC-2024_AIA_2026/ros_ws/install/erc_map/lib/pkgconfig/erc_map.pc'
[1.357s] Level 1:colcon.colcon_core.environment:checking '/media/exhausted/DATA DRIVE/stuff/mrm/ERC-2025/gitstuff/ERC-2024_AIA_2026/ros_ws/install/erc_map/lib/python3.10/site-packages'
[1.357s] Level 1:colcon.colcon_core.environment:checking '/media/exhausted/DATA DRIVE/stuff/mrm/ERC-2025/gitstuff/ERC-2024_AIA_2026/ros_ws/install/erc_map/bin'
[1.357s] INFO:colcon.colcon_core.shell:Creating package script '/media/exhausted/DATA DRIVE/stuff/mrm/ERC-2025/gitstuff/ERC-2024_AIA_2026/ros_ws/install/erc_map/share/erc_map/package.ps1'
[1.358s] INFO:colcon.colcon_core.shell:Creating package descriptor '/media/exhausted/DATA DRIVE/stuff/mrm/ERC-2025/gitstuff/ERC-2024_AIA_2026/ros_ws/install/erc_map/share/erc_map/package.dsv'
[1.359s] INFO:colcon.colcon_core.shell:Creating package script '/media/exhausted/DATA DRIVE/stuff/mrm/ERC-2025/gitstuff/ERC-2024_AIA_2026/ros_ws/install/erc_map/share/erc_map/package.sh'
[1.360s] INFO:colcon.colcon_core.shell:Creating package script '/media/exhausted/DATA DRIVE/stuff/mrm/ERC-2025/gitstuff/ERC-2024_AIA_2026/ros_ws/install/erc_map/share/erc_map/package.bash'
[1.360s] INFO:colcon.colcon_core.shell:Creating package script '/media/exhausted/DATA DRIVE/stuff/mrm/ERC-2025/gitstuff/ERC-2024_AIA_2026/ros_ws/install/erc_map/share/erc_map/package.zsh'
[1.361s] Level 1:colcon.colcon_core.environment:create_file_with_runtime_dependencies(/media/exhausted/DATA DRIVE/stuff/mrm/ERC-2025/gitstuff/ERC-2024_AIA_2026/ros_ws/install/erc_map/share/colcon-core/packages/erc_map)
[1.361s] DEBUG:colcon.colcon_parallel_executor.executor.parallel:closing loop
[1.362s] DEBUG:colcon.colcon_parallel_executor.executor.parallel:loop closed
[1.362s] DEBUG:colcon.colcon_parallel_executor.executor.parallel:run_until_complete finished with '0'
[1.362s] DEBUG:colcon.colcon_core.event_reactor:joining thread
[1.366s] INFO:colcon.colcon_core.plugin_system:Skipping extension 'colcon_notification.desktop_notification.terminal_notifier': Not used on non-Darwin systems
[1.366s] INFO:colcon.colcon_core.plugin_system:Skipping extension 'colcon_notification.desktop_notification.win32': Not used on non-Windows systems
[1.366s] INFO:colcon.colcon_notification.desktop_notification:Sending desktop notification using 'notify2'
[1.377s] DEBUG:colcon.colcon_core.event_reactor:joined thread
[1.377s] INFO:colcon.colcon_core.shell:Creating prefix script '/media/exhausted/DATA DRIVE/stuff/mrm/ERC-2025/gitstuff/ERC-2024_AIA_2026/ros_ws/install/local_setup.ps1'
[1.379s] INFO:colcon.colcon_core.shell:Creating prefix util module '/media/exhausted/DATA DRIVE/stuff/mrm/ERC-2025/gitstuff/ERC-2024_AIA_2026/ros_ws/install/_local_setup_util_ps1.py'
[1.380s] INFO:colcon.colcon_core.shell:Creating prefix chain script '/media/exhausted/DATA DRIVE/stuff/mrm/ERC-2025/gitstuff/ERC-2024_AIA_2026/ros_ws/install/setup.ps1'
[1.383s] INFO:colcon.colcon_core.shell:Creating prefix script '/media/exhausted/DATA DRIVE/stuff/mrm/ERC-2025/gitstuff/ERC-2024_AIA_2026/ros_ws/install/local_setup.sh'
[1.385s] INFO:colcon.colcon_core.shell:Creating prefix util module '/media/exhausted/DATA DRIVE/stuff/mrm/ERC-2025/gitstuff/ERC-2024_AIA_2026/ros_ws/install/_local_setup_util_sh.py'
[1.385s] INFO:colcon.colcon_core.shell:Creating prefix chain script '/media/exhausted/DATA DRIVE/stuff/mrm/ERC-2025/gitstuff/ERC-2024_AIA_2026/ros_ws/install/setup.sh'
[1.390s] INFO:colcon.colcon_core.shell:Creating prefix script '/media/exhausted/DATA DRIVE/stuff/mrm/ERC-2025/gitstuff/ERC-2024_AIA_2026/ros_ws/install/local_setup.bash'
[1.391s] INFO:colcon.colcon_core.shell:Creating prefix chain script '/media/exhausted/DATA DRIVE/stuff/mrm/ERC-2025/gitstuff/ERC-2024_AIA_2026/ros_ws/install/setup.bash'
[1.394s] INFO:colcon.colcon_core.shell:Creating prefix script '/media/exhausted/DATA DRIVE/stuff/mrm/ERC-2025/gitstuff/ERC-2024_AIA_2026/ros_ws/install/local_setup.zsh'
[1.395s] INFO:colcon.colcon_core.shell:Creating prefix chain script '/media/exhausted/DATA DRIVE/stuff/mrm/ERC-2025/gitstuff/ERC-2024_AIA_2026/ros_ws/install/setup.zsh'
