[0.013s] Invoking command in '/media/exhausted/DATA DRIVE/stuff/mrm/ERC-2025/gitstuff/ERC-2024_AIA_2026/ros_ws/build/erc_map': CMAKE_PREFIX_PATH=${CMAKE_PREFIX_PATH}:/home/exhausted/Saisarath/stuff/MRM/URDF_WS/install/open_cv_stuff:/home/exhausted/Saisarath/stuff/MRM/ws_moveit/install/moveit_configs_utils:/home/exhausted/Saisarath/stuff/MRM/ws_moveit/install/launch_param_builder:/opt/ros/humble /usr/bin/cmake --build /media/exhausted/DATA DRIVE/stuff/mrm/ERC-2025/gitstuff/ERC-2024_AIA_2026/ros_ws/build/erc_map -- -j16 -l16
[0.047s] -- Found ament_cmake: 1.3.12 (/opt/ros/humble/share/ament_cmake/cmake)
[0.174s] -- Found rclcpp: 16.0.14 (/opt/ros/humble/share/rclcpp/cmake)
[0.200s] -- Found rosidl_generator_c: 3.1.7 (/opt/ros/humble/share/rosidl_generator_c/cmake)
[0.201s] -- Found rosidl_adapter: 3.1.7 (/opt/ros/humble/share/rosidl_adapter/cmake)
[0.206s] -- Found rosidl_generator_cpp: 3.1.7 (/opt/ros/humble/share/rosidl_generator_cpp/cmake)
[0.216s] -- Using all available rosidl_typesupport_c: rosidl_typesupport_fastrtps_c;rosidl_typesupport_introspection_c
[0.229s] -- Using all available rosidl_typesupport_cpp: rosidl_typesupport_fastrtps_cpp;rosidl_typesupport_introspection_cpp
[0.259s] -- Found rmw_implementation_cmake: 6.1.2 (/opt/ros/humble/share/rmw_implementation_cmake/cmake)
[0.262s] -- Found rmw_fastrtps_cpp: 6.2.8 (/opt/ros/humble/share/rmw_fastrtps_cpp/cmake)
[0.379s] -- Using RMW implementation 'rmw_fastrtps_cpp' as default
[0.420s] -- Found xacro: 2.0.13 (/opt/ros/humble/share/xacro/cmake)
[0.420s] -- Found rosidl_default_generators: 1.2.0 (/opt/ros/humble/share/rosidl_default_generators/cmake)
[0.432s] -- Found ament_lint_auto: 0.12.14 (/opt/ros/humble/share/ament_lint_auto/cmake)
[0.548s] -- Added test 'flake8' to check Python code syntax and style conventions
[0.557s] -- Added test 'lint_cmake' to check CMake code style
[0.561s] -- Added test 'pep257' to check Python code against some of the docstring style conventions in PEP 257
[0.597s] -- Added test 'xmllint' to check XML markup files
[0.604s] -- Configuring done
[0.623s] -- Generating done
[0.633s] -- Build files have been written to: /media/exhausted/DATA DRIVE/stuff/mrm/ERC-2025/gitstuff/ERC-2024_AIA_2026/ros_ws/build/erc_map
[0.668s] Invoked command in '/media/exhausted/DATA DRIVE/stuff/mrm/ERC-2025/gitstuff/ERC-2024_AIA_2026/ros_ws/build/erc_map' returned '0': CMAKE_PREFIX_PATH=${CMAKE_PREFIX_PATH}:/home/exhausted/Saisarath/stuff/MRM/URDF_WS/install/open_cv_stuff:/home/exhausted/Saisarath/stuff/MRM/ws_moveit/install/moveit_configs_utils:/home/exhausted/Saisarath/stuff/MRM/ws_moveit/install/launch_param_builder:/opt/ros/humble /usr/bin/cmake --build /media/exhausted/DATA DRIVE/stuff/mrm/ERC-2025/gitstuff/ERC-2024_AIA_2026/ros_ws/build/erc_map -- -j16 -l16
[0.679s] Invoking command in '/media/exhausted/DATA DRIVE/stuff/mrm/ERC-2025/gitstuff/ERC-2024_AIA_2026/ros_ws/build/erc_map': CMAKE_PREFIX_PATH=${CMAKE_PREFIX_PATH}:/home/exhausted/Saisarath/stuff/MRM/URDF_WS/install/open_cv_stuff:/home/exhausted/Saisarath/stuff/MRM/ws_moveit/install/moveit_configs_utils:/home/exhausted/Saisarath/stuff/MRM/ws_moveit/install/launch_param_builder:/opt/ros/humble /usr/bin/cmake --install /media/exhausted/DATA DRIVE/stuff/mrm/ERC-2025/gitstuff/ERC-2024_AIA_2026/ros_ws/build/erc_map
[0.689s] -- Install configuration: ""
[0.689s] -- Up-to-date: /media/exhausted/DATA DRIVE/stuff/mrm/ERC-2025/gitstuff/ERC-2024_AIA_2026/ros_ws/install/erc_map/share/erc_map/launch
[0.690s] -- Up-to-date: /media/exhausted/DATA DRIVE/stuff/mrm/ERC-2025/gitstuff/ERC-2024_AIA_2026/ros_ws/install/erc_map/share/erc_map/launch/gazeboModel.launch.py
[0.691s] -- Up-to-date: /media/exhausted/DATA DRIVE/stuff/mrm/ERC-2025/gitstuff/ERC-2024_AIA_2026/ros_ws/install/erc_map/share/ament_index/resource_index/package_run_dependencies/erc_map
[0.693s] -- Installing: /media/exhausted/DATA DRIVE/stuff/mrm/ERC-2025/gitstuff/ERC-2024_AIA_2026/ros_ws/install/erc_map/share/ament_index/resource_index/parent_prefix_path/erc_map
[0.696s] -- Installing: /media/exhausted/DATA DRIVE/stuff/mrm/ERC-2025/gitstuff/ERC-2024_AIA_2026/ros_ws/install/erc_map/share/erc_map/environment/ament_prefix_path.sh
[0.698s] -- Installing: /media/exhausted/DATA DRIVE/stuff/mrm/ERC-2025/gitstuff/ERC-2024_AIA_2026/ros_ws/install/erc_map/share/erc_map/environment/ament_prefix_path.dsv
[0.701s] -- Installing: /media/exhausted/DATA DRIVE/stuff/mrm/ERC-2025/gitstuff/ERC-2024_AIA_2026/ros_ws/install/erc_map/share/erc_map/environment/path.sh
[0.704s] -- Installing: /media/exhausted/DATA DRIVE/stuff/mrm/ERC-2025/gitstuff/ERC-2024_AIA_2026/ros_ws/install/erc_map/share/erc_map/environment/path.dsv
[0.707s] -- Up-to-date: /media/exhausted/DATA DRIVE/stuff/mrm/ERC-2025/gitstuff/ERC-2024_AIA_2026/ros_ws/install/erc_map/share/erc_map/local_setup.bash
[0.708s] -- Up-to-date: /media/exhausted/DATA DRIVE/stuff/mrm/ERC-2025/gitstuff/ERC-2024_AIA_2026/ros_ws/install/erc_map/share/erc_map/local_setup.sh
[0.709s] -- Up-to-date: /media/exhausted/DATA DRIVE/stuff/mrm/ERC-2025/gitstuff/ERC-2024_AIA_2026/ros_ws/install/erc_map/share/erc_map/local_setup.zsh
[0.710s] -- Installing: /media/exhausted/DATA DRIVE/stuff/mrm/ERC-2025/gitstuff/ERC-2024_AIA_2026/ros_ws/install/erc_map/share/erc_map/local_setup.dsv
[0.712s] -- Installing: /media/exhausted/DATA DRIVE/stuff/mrm/ERC-2025/gitstuff/ERC-2024_AIA_2026/ros_ws/install/erc_map/share/erc_map/package.dsv
[0.716s] -- Up-to-date: /media/exhausted/DATA DRIVE/stuff/mrm/ERC-2025/gitstuff/ERC-2024_AIA_2026/ros_ws/install/erc_map/share/ament_index/resource_index/packages/erc_map
[0.717s] -- Up-to-date: /media/exhausted/DATA DRIVE/stuff/mrm/ERC-2025/gitstuff/ERC-2024_AIA_2026/ros_ws/install/erc_map/share/erc_map/cmake/ament_cmake_export_dependencies-extras.cmake
[0.718s] -- Up-to-date: /media/exhausted/DATA DRIVE/stuff/mrm/ERC-2025/gitstuff/ERC-2024_AIA_2026/ros_ws/install/erc_map/share/erc_map/cmake/erc_mapConfig.cmake
[0.719s] -- Up-to-date: /media/exhausted/DATA DRIVE/stuff/mrm/ERC-2025/gitstuff/ERC-2024_AIA_2026/ros_ws/install/erc_map/share/erc_map/cmake/erc_mapConfig-version.cmake
[0.720s] -- Up-to-date: /media/exhausted/DATA DRIVE/stuff/mrm/ERC-2025/gitstuff/ERC-2024_AIA_2026/ros_ws/install/erc_map/share/erc_map/package.xml
[0.722s] Invoked command in '/media/exhausted/DATA DRIVE/stuff/mrm/ERC-2025/gitstuff/ERC-2024_AIA_2026/ros_ws/build/erc_map' returned '0': CMAKE_PREFIX_PATH=${CMAKE_PREFIX_PATH}:/home/exhausted/Saisarath/stuff/MRM/URDF_WS/install/open_cv_stuff:/home/exhausted/Saisarath/stuff/MRM/ws_moveit/install/moveit_configs_utils:/home/exhausted/Saisarath/stuff/MRM/ws_moveit/install/launch_param_builder:/opt/ros/humble /usr/bin/cmake --install /media/exhausted/DATA DRIVE/stuff/mrm/ERC-2025/gitstuff/ERC-2024_AIA_2026/ros_ws/build/erc_map
