[0.023s] Invoking command in '/media/exhausted/DATA DRIVE/stuff/mrm/ERC-2025/gitstuff/ERC-2024_AIA_2026/ros_ws/build/erc_map': CMAKE_PREFIX_PATH=${CMAKE_PREFIX_PATH}:/home/exhausted/Saisarath/stuff/MRM/URDF_WS/install/open_cv_stuff:/home/exhausted/Saisarath/stuff/MRM/ws_moveit/install/moveit_configs_utils:/home/exhausted/Saisarath/stuff/MRM/ws_moveit/install/launch_param_builder:/opt/ros/humble /usr/bin/cmake --build /media/exhausted/DATA DRIVE/stuff/mrm/ERC-2025/gitstuff/ERC-2024_AIA_2026/ros_ws/build/erc_map -- -j16 -l16
[0.050s] -- Found ament_cmake: 1.3.12 (/opt/ros/humble/share/ament_cmake/cmake)
[0.177s] -- Found rclcpp: 16.0.14 (/opt/ros/humble/share/rclcpp/cmake)
[0.203s] -- Found rosidl_generator_c: 3.1.7 (/opt/ros/humble/share/rosidl_generator_c/cmake)
[0.205s] -- Found rosidl_adapter: 3.1.7 (/opt/ros/humble/share/rosidl_adapter/cmake)
[0.210s] -- Found rosidl_generator_cpp: 3.1.7 (/opt/ros/humble/share/rosidl_generator_cpp/cmake)
[0.220s] -- Using all available rosidl_typesupport_c: rosidl_typesupport_fastrtps_c;rosidl_typesupport_introspection_c
[0.233s] -- Using all available rosidl_typesupport_cpp: rosidl_typesupport_fastrtps_cpp;rosidl_typesupport_introspection_cpp
[0.263s] -- Found rmw_implementation_cmake: 6.1.2 (/opt/ros/humble/share/rmw_implementation_cmake/cmake)
[0.266s] -- Found rmw_fastrtps_cpp: 6.2.8 (/opt/ros/humble/share/rmw_fastrtps_cpp/cmake)
[0.387s] -- Using RMW implementation 'rmw_fastrtps_cpp' as default
[0.445s] -- Found xacro: 2.0.13 (/opt/ros/humble/share/xacro/cmake)
[0.446s] -- Found rosidl_default_generators: 1.2.0 (/opt/ros/humble/share/rosidl_default_generators/cmake)
[0.458s] -- Found ament_lint_auto: 0.12.14 (/opt/ros/humble/share/ament_lint_auto/cmake)
[0.582s] -- Added test 'flake8' to check Python code syntax and style conventions
[0.591s] -- Added test 'lint_cmake' to check CMake code style
[0.595s] -- Added test 'pep257' to check Python code against some of the docstring style conventions in PEP 257
[0.632s] -- Added test 'xmllint' to check XML markup files
[0.638s] -- Configuring done
[0.657s] -- Generating done
[0.668s] -- Build files have been written to: /media/exhausted/DATA DRIVE/stuff/mrm/ERC-2025/gitstuff/ERC-2024_AIA_2026/ros_ws/build/erc_map
[0.700s] Invoked command in '/media/exhausted/DATA DRIVE/stuff/mrm/ERC-2025/gitstuff/ERC-2024_AIA_2026/ros_ws/build/erc_map' returned '0': CMAKE_PREFIX_PATH=${CMAKE_PREFIX_PATH}:/home/exhausted/Saisarath/stuff/MRM/URDF_WS/install/open_cv_stuff:/home/exhausted/Saisarath/stuff/MRM/ws_moveit/install/moveit_configs_utils:/home/exhausted/Saisarath/stuff/MRM/ws_moveit/install/launch_param_builder:/opt/ros/humble /usr/bin/cmake --build /media/exhausted/DATA DRIVE/stuff/mrm/ERC-2025/gitstuff/ERC-2024_AIA_2026/ros_ws/build/erc_map -- -j16 -l16
[0.714s] Invoking command in '/media/exhausted/DATA DRIVE/stuff/mrm/ERC-2025/gitstuff/ERC-2024_AIA_2026/ros_ws/build/erc_map': CMAKE_PREFIX_PATH=${CMAKE_PREFIX_PATH}:/home/exhausted/Saisarath/stuff/MRM/URDF_WS/install/open_cv_stuff:/home/exhausted/Saisarath/stuff/MRM/ws_moveit/install/moveit_configs_utils:/home/exhausted/Saisarath/stuff/MRM/ws_moveit/install/launch_param_builder:/opt/ros/humble /usr/bin/cmake --install /media/exhausted/DATA DRIVE/stuff/mrm/ERC-2025/gitstuff/ERC-2024_AIA_2026/ros_ws/build/erc_map
[0.721s] -- Install configuration: ""
[0.721s] -- Up-to-date: /media/exhausted/DATA DRIVE/stuff/mrm/ERC-2025/gitstuff/ERC-2024_AIA_2026/ros_ws/install/erc_map/share/ament_index/resource_index/package_run_dependencies/erc_map
[0.723s] -- Up-to-date: /media/exhausted/DATA DRIVE/stuff/mrm/ERC-2025/gitstuff/ERC-2024_AIA_2026/ros_ws/install/erc_map/share/ament_index/resource_index/parent_prefix_path/erc_map
[0.723s] -- Up-to-date: /media/exhausted/DATA DRIVE/stuff/mrm/ERC-2025/gitstuff/ERC-2024_AIA_2026/ros_ws/install/erc_map/share/erc_map/environment/ament_prefix_path.sh
[0.724s] -- Installing: /media/exhausted/DATA DRIVE/stuff/mrm/ERC-2025/gitstuff/ERC-2024_AIA_2026/ros_ws/install/erc_map/share/erc_map/environment/ament_prefix_path.dsv
[0.726s] -- Up-to-date: /media/exhausted/DATA DRIVE/stuff/mrm/ERC-2025/gitstuff/ERC-2024_AIA_2026/ros_ws/install/erc_map/share/erc_map/environment/path.sh
[0.727s] -- Installing: /media/exhausted/DATA DRIVE/stuff/mrm/ERC-2025/gitstuff/ERC-2024_AIA_2026/ros_ws/install/erc_map/share/erc_map/environment/path.dsv
[0.729s] -- Up-to-date: /media/exhausted/DATA DRIVE/stuff/mrm/ERC-2025/gitstuff/ERC-2024_AIA_2026/ros_ws/install/erc_map/share/erc_map/local_setup.bash
[0.730s] -- Up-to-date: /media/exhausted/DATA DRIVE/stuff/mrm/ERC-2025/gitstuff/ERC-2024_AIA_2026/ros_ws/install/erc_map/share/erc_map/local_setup.sh
[0.731s] -- Up-to-date: /media/exhausted/DATA DRIVE/stuff/mrm/ERC-2025/gitstuff/ERC-2024_AIA_2026/ros_ws/install/erc_map/share/erc_map/local_setup.zsh
[0.732s] -- Installing: /media/exhausted/DATA DRIVE/stuff/mrm/ERC-2025/gitstuff/ERC-2024_AIA_2026/ros_ws/install/erc_map/share/erc_map/local_setup.dsv
[0.735s] -- Installing: /media/exhausted/DATA DRIVE/stuff/mrm/ERC-2025/gitstuff/ERC-2024_AIA_2026/ros_ws/install/erc_map/share/erc_map/package.dsv
[0.737s] -- Up-to-date: /media/exhausted/DATA DRIVE/stuff/mrm/ERC-2025/gitstuff/ERC-2024_AIA_2026/ros_ws/install/erc_map/share/ament_index/resource_index/packages/erc_map
[0.738s] -- Up-to-date: /media/exhausted/DATA DRIVE/stuff/mrm/ERC-2025/gitstuff/ERC-2024_AIA_2026/ros_ws/install/erc_map/share/erc_map/cmake/ament_cmake_export_dependencies-extras.cmake
[0.739s] -- Up-to-date: /media/exhausted/DATA DRIVE/stuff/mrm/ERC-2025/gitstuff/ERC-2024_AIA_2026/ros_ws/install/erc_map/share/erc_map/cmake/erc_mapConfig.cmake
[0.740s] -- Up-to-date: /media/exhausted/DATA DRIVE/stuff/mrm/ERC-2025/gitstuff/ERC-2024_AIA_2026/ros_ws/install/erc_map/share/erc_map/cmake/erc_mapConfig-version.cmake
[0.740s] -- Installing: /media/exhausted/DATA DRIVE/stuff/mrm/ERC-2025/gitstuff/ERC-2024_AIA_2026/ros_ws/install/erc_map/share/erc_map/package.xml
[0.744s] Invoked command in '/media/exhausted/DATA DRIVE/stuff/mrm/ERC-2025/gitstuff/ERC-2024_AIA_2026/ros_ws/build/erc_map' returned '0': CMAKE_PREFIX_PATH=${CMAKE_PREFIX_PATH}:/home/exhausted/Saisarath/stuff/MRM/URDF_WS/install/open_cv_stuff:/home/exhausted/Saisarath/stuff/MRM/ws_moveit/install/moveit_configs_utils:/home/exhausted/Saisarath/stuff/MRM/ws_moveit/install/launch_param_builder:/opt/ros/humble /usr/bin/cmake --install /media/exhausted/DATA DRIVE/stuff/mrm/ERC-2025/gitstuff/ERC-2024_AIA_2026/ros_ws/build/erc_map
